
> client@0.1.0 start /home/rmamedov/projects/task-manager/task-manager-front
> react-scripts start

Starting the development server...


> client@0.1.0 start /home/rmamedov/projects/task-manager/task-manager-front
> react-scripts start

Starting the development server...

Compiled with warnings.

./src/component/ProjectDetails.js
  Line 129:24:  Expected to return a value in arrow function  array-callback-return
  Line 130:13:  Expected a default case                       default-case

./src/component/Project.js
  Line 18:25:  img elements must have an alt prop, either with meaningful text, or an empty string for decorative images  jsx-a11y/alt-text

./src/component/Task.js
  Line 18:25:  img elements must have an alt prop, either with meaningful text, or an empty string for decorative images  jsx-a11y/alt-text

./src/component/UsersTable.js
  Line 22:41:  img elements must have an alt prop, either with meaningful text, or an empty string for decorative images  jsx-a11y/alt-text

./src/component/Comments.js
  Line 59:33:  The href attribute is required for an anchor to be keyboard accessible. Provide a valid, navigable address as the href value. If you cannot provide an href, but still need the element to resemble a link, use a button and change it with appropriate styles. Learn more: https://github.com/evcohen/eslint-plugin-jsx-a11y/blob/master/docs/rules/anchor-is-valid.md  jsx-a11y/anchor-is-valid
  Line 60:37:  img elements must have an alt prop, either with meaningful text, or an empty string for decorative images                                                                                                                                                                                                                                                                jsx-a11y/alt-text

./src/component/TaskDetails.js
  Line 66:15:  'handleOnChangeAssignTo' is assigned a value but never used  no-unused-vars

Search for the keywords to learn more about each warning.
To ignore, add // eslint-disable-next-line to the line before.

